PID 12880	Iteration 1 of 3	Sat Oct  2 14:04:09 2021
PID 12880	Iteration 2 of 3	Sat Oct  2 14:04:14 2021
PID 12880	Iteration 3 of 3	Sat Oct  2 14:04:19 2021
PID 17200	Iteration 1 of 2	Sat Oct  2 16:20:56 2021
PID 17200	Iteration 2 of 2	Sat Oct  2 16:21:01 2021
PID 18870	Iteration 1 of 3	Sat Oct  2 16:51:11 2021
PID 18870	Iteration 2 of 3	Sat Oct  2 16:51:13 2021
PID 18870	Iteration 3 of 3	Sat Oct  2 16:51:15 2021
PID 21806	Iteration 1 of 2	Sat Oct  2 18:04:54 2021
PID 21806	Iteration 2 of 2	Sat Oct  2 18:04:56 2021
PID 22565	Iteration 1 of 2	Sat Oct  2 18:28:51 2021
PID 22565	Iteration 2 of 2	Sat Oct  2 18:28:54 2021
PID 23104	Iteration 1 of 2	Sat Oct  2 18:38:14 2021
PID 23104	Iteration 2 of 2	Sat Oct  2 18:38:17 2021
PID 23332	Iteration 1 of 2	Sat Oct  2 18:46:20 2021
PID 23332	Iteration 2 of 2	Sat Oct  2 18:46:23 2021
PID 23438	Iteration 1 of 5	Sat Oct  2 18:47:06 2021
PID 23438	Iteration 2 of 5	Sat Oct  2 18:47:08 2021
PID 23438	Iteration 3 of 5	Sat Oct  2 18:47:10 2021
PID 23438	Iteration 4 of 5	Sat Oct  2 18:47:12 2021
PID 23438	Iteration 5 of 5	Sat Oct  2 18:47:14 2021
PID 23885	Iteration 1 of 5	Sat Oct  2 18:59:00 2021
PID 23885	Iteration 2 of 5	Sat Oct  2 18:59:02 2021
PID 23885	Iteration 3 of 5	Sat Oct  2 18:59:04 2021
PID 23885	Iteration 4 of 5	Sat Oct  2 18:59:06 2021
PID 23885	Iteration 5 of 5	Sat Oct  2 18:59:08 2021
PID 24183	Iteration 1 of 5	Sat Oct  2 19:02:03 2021
PID 24183	Iteration 2 of 5	Sat Oct  2 19:02:05 2021
PID 24183	Iteration 3 of 5	Sat Oct  2 19:02:07 2021
PID 24183	Iteration 4 of 5	Sat Oct  2 19:02:09 2021
PID 24183	Iteration 5 of 5	Sat Oct  2 19:02:11 2021
PID 24421	Iteration 1 of 5	Sat Oct  2 19:06:58 2021
PID 24421	Iteration 2 of 5	Sat Oct  2 19:07:00 2021
PID 24421	Iteration 3 of 5	Sat Oct  2 19:07:02 2021
PID 24421	Iteration 4 of 5	Sat Oct  2 19:07:04 2021
PID 24421	Iteration 5 of 5	Sat Oct  2 19:07:06 2021
PID 24677	Iteration 1 of 5	Sat Oct  2 19:09:16 2021
PID 24677	Iteration 2 of 5	Sat Oct  2 19:09:18 2021
PID 24677	Iteration 3 of 5	Sat Oct  2 19:09:20 2021
PID 24677	Iteration 4 of 5	Sat Oct  2 19:09:22 2021
PID 24677	Iteration 5 of 5	Sat Oct  2 19:09:24 2021
PID 25925	Iteration 1 of 5	Sat Oct  2 19:38:22 2021
PID 25925	Iteration 2 of 5	Sat Oct  2 19:38:24 2021
PID 25925	Iteration 3 of 5	Sat Oct  2 19:38:26 2021
PID 25925	Iteration 4 of 5	Sat Oct  2 19:38:28 2021
PID 25925	Iteration 5 of 5	Sat Oct  2 19:38:30 2021
PID 26191	Iteration 1 of 5	Sat Oct  2 19:41:05 2021
PID 26191	Iteration 2 of 5	Sat Oct  2 19:41:07 2021
PID 26191	Iteration 3 of 5	Sat Oct  2 19:41:09 2021
PID 26191	Iteration 4 of 5	Sat Oct  2 19:41:11 2021
PID 26191	Iteration 5 of 5	Sat Oct  2 19:41:13 2021
PID 27953	Iteration 1 of 5	Sat Oct  2 20:48:21 2021
PID 27953	Iteration 2 of 5	Sat Oct  2 20:48:23 2021
PID 28239	Iteration 1 of 5	Sat Oct  2 20:53:39 2021
PID 28239	Iteration 2 of 5	Sat Oct  2 20:53:41 2021
PID 28239	Iteration 3 of 5	Sat Oct  2 20:53:43 2021
PID 28239	Iteration 4 of 5	Sat Oct  2 20:53:45 2021
PID 28239	Iteration 5 of 5	Sat Oct  2 20:53:47 2021
PID 29618	Iteration 1 of 5	Sat Oct  2 21:17:07 2021
PID 29618	Iteration 2 of 5	Sat Oct  2 21:17:09 2021
PID 29618	Iteration 3 of 5	Sat Oct  2 21:17:11 2021
PID 29618	Iteration 4 of 5	Sat Oct  2 21:17:13 2021
PID 29618	Iteration 5 of 5	Sat Oct  2 21:17:15 2021
runsim terminated by Ctrl+C at Sat Oct  2 22:43:52 2021
runsim terminated by Ctrl+C at	Sat Oct  2 22:44:33 2021
PID 32536	Iteration 1 of 5	Sat Oct  2 22:46:22 2021
PID 32536	Iteration 2 of 5	Sat Oct  2 22:46:24 2021
PID 32536	Iteration 3 of 5	Sat Oct  2 22:46:26 2021
PID 32536	Iteration 4 of 5	Sat Oct  2 22:46:28 2021
PID 32536	Iteration 5 of 5	Sat Oct  2 22:46:30 2021
runsim successfully executed on	Sat Oct  2 22:46:30 2021
 PID 33093	Iteration 1 of 5	Sat Oct  2 23:03:54 2021
PID 33093	Iteration 2 of 5	Sat Oct  2 23:03:56 2021
PID 33093	Iteration 3 of 5	Sat Oct  2 23:03:58 2021
PID 33093	Iteration 4 of 5	Sat Oct  2 23:04:00 2021
PID 33093	Iteration 5 of 5	Sat Oct  2 23:04:02 2021
runsim successfully executed on	Sat Oct  2 23:04:02 2021
PID 33745	Iteration 1 of 5	Sat Oct  2 23:15:13 2021
PID 33745	Iteration 2 of 5	Sat Oct  2 23:15:15 2021
PID 33745	Iteration 3 of 5	Sat Oct  2 23:15:17 2021
PID 33745	Iteration 4 of 5	Sat Oct  2 23:15:19 2021
PID 33745	Iteration 5 of 5	Sat Oct  2 23:15:21 2021
runsim timed out on	Sat Oct  2 23:15:31 2021
PID 33904	Iteration 1 of 5	Sat Oct  2 23:17:00 2021
PID 33904	Iteration 2 of 5	Sat Oct  2 23:17:02 2021
PID 33904	Iteration 3 of 5	Sat Oct  2 23:17:04 2021
PID 33904	Iteration 4 of 5	Sat Oct  2 23:17:06 2021
PID 33904	Iteration 5 of 5	Sat Oct  2 23:17:08 2021
runsim timed out on	Sat Oct  2 23:17:18 2021
PID 37802	Iteration 1 of 5	Sun Oct  3 10:39:57 2021
PID 37830	Iteration 1 of 5	Sun Oct  3 10:39:57 2021
PID 37802	Iteration 2 of 5	Sun Oct  3 10:39:59 2021
PID 37830	Iteration 2 of 5	Sun Oct  3 10:39:59 2021
PID 37802	Iteration 3 of 5	Sun Oct  3 10:40:01 2021
PID 37830	Iteration 3 of 5	Sun Oct  3 10:40:01 2021
PID 37830	Iteration 4 of 5	Sun Oct  3 10:40:03 2021
PID 37802	Iteration 4 of 5	Sun Oct  3 10:40:03 2021
PID 37830	Iteration 5 of 5	Sun Oct  3 10:40:05 2021
PID 37802	Iteration 5 of 5	Sun Oct  3 10:40:05 2021
PID 38209	Iteration 1 of 5	Sun Oct  3 10:43:34 2021
PID 38191	Iteration 1 of 5	Sun Oct  3 10:43:34 2021
PID 38209	Iteration 2 of 5	Sun Oct  3 10:43:36 2021
PID 38191	Iteration 2 of 5	Sun Oct  3 10:43:36 2021
PID 38209	Iteration 3 of 5	Sun Oct  3 10:43:38 2021
PID 38191	Iteration 3 of 5	Sun Oct  3 10:43:38 2021
PID 38209	Iteration 4 of 5	Sun Oct  3 10:43:40 2021
PID 38191	Iteration 4 of 5	Sun Oct  3 10:43:40 2021
PID 38209	Iteration 5 of 5	Sun Oct  3 10:43:42 2021
PID 38191	Iteration 5 of 5	Sun Oct  3 10:43:42 2021
PID 38565	Iteration 1 of 5	Sun Oct  3 10:52:47 2021
PID 38549	Iteration 1 of 5	Sun Oct  3 10:52:47 2021
PID 38565	Iteration 2 of 5	Sun Oct  3 10:52:49 2021
PID 38549	Iteration 2 of 5	Sun Oct  3 10:52:49 2021
PID 38549	Iteration 3 of 5	Sun Oct  3 10:52:51 2021
PID 38565	Iteration 3 of 5	Sun Oct  3 10:52:51 2021
PID 38565	Iteration 4 of 5	Sun Oct  3 10:52:53 2021
PID 38549	Iteration 4 of 5	Sun Oct  3 10:52:53 2021
PID 38549	Iteration 5 of 5	Sun Oct  3 10:52:55 2021
PID 38565	Iteration 5 of 5	Sun Oct  3 10:52:55 2021
PID 38803	Iteration 1 of 5	Sun Oct  3 10:56:52 2021
PID 38827	Iteration 1 of 5	Sun Oct  3 10:56:52 2021
PID 38803	Iteration 2 of 5	Sun Oct  3 10:56:54 2021
PID 38827	Iteration 2 of 5	Sun Oct  3 10:56:54 2021
PID 38803	Iteration 3 of 5	Sun Oct  3 10:56:56 2021
PID 38827	Iteration 3 of 5	Sun Oct  3 10:56:56 2021
PID 38803	Iteration 4 of 5	Sun Oct  3 10:56:58 2021
PID 38827	Iteration 4 of 5	Sun Oct  3 10:56:58 2021
PID 38803	Iteration 5 of 5	Sun Oct  3 10:57:00 2021
PID 38827	Iteration 5 of 5	Sun Oct  3 10:57:00 2021
PID 39114	Iteration 1 of 5	Sun Oct  3 11:02:33 2021
PID 39174	Iteration 1 of 5	Sun Oct  3 11:02:33 2021
PID 39174	Iteration 2 of 5	Sun Oct  3 11:02:35 2021
PID 39114	Iteration 2 of 5	Sun Oct  3 11:02:35 2021
PID 39174	Iteration 3 of 5	Sun Oct  3 11:02:37 2021
PID 39114	Iteration 3 of 5	Sun Oct  3 11:02:37 2021
PID 39174	Iteration 4 of 5	Sun Oct  3 11:02:39 2021
PID 39114	Iteration 4 of 5	Sun Oct  3 11:02:39 2021
PID 39174	Iteration 5 of 5	Sun Oct  3 11:02:41 2021
PID 39114	Iteration 5 of 5	Sun Oct  3 11:02:41 2021
PID 39413	Iteration 1 of 5	Sun Oct  3 11:06:44 2021
PID 39410	Iteration 1 of 5	Sun Oct  3 11:06:44 2021
PID 39411	Iteration 1 of 5	Sun Oct  3 11:06:44 2021
PID 39412	Iteration 1 of 5	Sun Oct  3 11:06:44 2021
PID 39410	Iteration 2 of 5	Sun Oct  3 11:06:46 2021
PID 39412	Iteration 2 of 5	Sun Oct  3 11:06:46 2021
PID 39413	Iteration 2 of 5	Sun Oct  3 11:06:46 2021
PID 39411	Iteration 2 of 5	Sun Oct  3 11:06:46 2021
PID 39412	Iteration 3 of 5	Sun Oct  3 11:06:48 2021
PID 39413	Iteration 3 of 5	Sun Oct  3 11:06:48 2021
PID 39411	Iteration 3 of 5	Sun Oct  3 11:06:48 2021
PID 39410	Iteration 3 of 5	Sun Oct  3 11:06:48 2021
PID 39413	Iteration 4 of 5	Sun Oct  3 11:06:50 2021
PID 39411	Iteration 4 of 5	Sun Oct  3 11:06:50 2021
PID 39410	Iteration 4 of 5	Sun Oct  3 11:06:50 2021
PID 39412	Iteration 4 of 5	Sun Oct  3 11:06:50 2021
PID 39413	Iteration 5 of 5	Sun Oct  3 11:06:52 2021
PID 39411	Iteration 5 of 5	Sun Oct  3 11:06:52 2021
PID 39410	Iteration 5 of 5	Sun Oct  3 11:06:52 2021
PID 39412	Iteration 5 of 5	Sun Oct  3 11:06:52 2021
runsim successfully executed on	Sun Oct  3 11:06:52 2021
 PID 39665	Iteration 1 of 5	Sun Oct  3 11:10:06 2021
PID 39667	Iteration 1 of 5	Sun Oct  3 11:10:06 2021
PID 39668	Iteration 1 of 5	Sun Oct  3 11:10:06 2021
PID 39669	Iteration 1 of 5	Sun Oct  3 11:10:06 2021
PID 39666	Iteration 1 of 5	Sun Oct  3 11:10:06 2021
PID 39669	Iteration 2 of 5	Sun Oct  3 11:10:08 2021
PID 39668	Iteration 2 of 5	Sun Oct  3 11:10:08 2021
PID 39667	Iteration 2 of 5	Sun Oct  3 11:10:08 2021
PID 39665	Iteration 2 of 5	Sun Oct  3 11:10:08 2021
PID 39666	Iteration 2 of 5	Sun Oct  3 11:10:08 2021
PID 39844	Iteration 1 of 5	Sun Oct  3 11:11:16 2021
PID 39847	Iteration 1 of 5	Sun Oct  3 11:11:16 2021
PID 39846	Iteration 1 of 5	Sun Oct  3 11:11:16 2021
PID 39845	Iteration 1 of 5	Sun Oct  3 11:11:16 2021
PID 39848	Iteration 1 of 5	Sun Oct  3 11:11:16 2021
PID 39844	Iteration 2 of 5	Sun Oct  3 11:11:18 2021
PID 39847	Iteration 2 of 5	Sun Oct  3 11:11:18 2021
PID 39846	Iteration 2 of 5	Sun Oct  3 11:11:18 2021
PID 39845	Iteration 2 of 5	Sun Oct  3 11:11:18 2021
PID 39848	Iteration 2 of 5	Sun Oct  3 11:11:18 2021
PID 39844	Iteration 3 of 5	Sun Oct  3 11:11:20 2021
PID 39847	Iteration 3 of 5	Sun Oct  3 11:11:20 2021
PID 39845	Iteration 3 of 5	Sun Oct  3 11:11:20 2021
PID 39846	Iteration 3 of 5	Sun Oct  3 11:11:20 2021
PID 39848	Iteration 3 of 5	Sun Oct  3 11:11:20 2021
PID 39845	Iteration 4 of 5	Sun Oct  3 11:11:22 2021
PID 39844	Iteration 4 of 5	Sun Oct  3 11:11:22 2021
PID 39846	Iteration 4 of 5	Sun Oct  3 11:11:22 2021
PID 39847	Iteration 4 of 5	Sun Oct  3 11:11:22 2021
PID 39848	Iteration 4 of 5	Sun Oct  3 11:11:22 2021
PID 39845	Iteration 5 of 5	Sun Oct  3 11:11:24 2021
PID 39844	Iteration 5 of 5	Sun Oct  3 11:11:24 2021
PID 39847	Iteration 5 of 5	Sun Oct  3 11:11:24 2021
PID 39846	Iteration 5 of 5	Sun Oct  3 11:11:24 2021
PID 39848	Iteration 5 of 5	Sun Oct  3 11:11:24 2021
runsim successfully executed on	Sun Oct  3 11:11:24 2021
 PID 40021	Iteration 1 of 5	Sun Oct  3 11:12:09 2021
PID 40022	Iteration 1 of 5	Sun Oct  3 11:12:09 2021
PID 40021	Iteration 2 of 5	Sun Oct  3 11:12:11 2021
PID 40022	Iteration 2 of 5	Sun Oct  3 11:12:11 2021
PID 40022	Iteration 3 of 5	Sun Oct  3 11:12:13 2021
PID 40021	Iteration 3 of 5	Sun Oct  3 11:12:13 2021
PID 40022	Iteration 4 of 5	Sun Oct  3 11:12:15 2021
PID 40021	Iteration 4 of 5	Sun Oct  3 11:12:15 2021
PID 40022	Iteration 5 of 5	Sun Oct  3 11:12:17 2021
PID 40021	Iteration 5 of 5	Sun Oct  3 11:12:17 2021
PID 40498	Iteration 1 of 5	Sun Oct  3 11:25:17 2021
PID 40497	Iteration 1 of 5	Sun Oct  3 11:25:17 2021
PID 40496	Iteration 1 of 5	Sun Oct  3 11:25:17 2021
PID 40497	Iteration 2 of 5	Sun Oct  3 11:25:19 2021
PID 40498	Iteration 2 of 5	Sun Oct  3 11:25:19 2021
PID 40496	Iteration 2 of 5	Sun Oct  3 11:25:19 2021
PID 40498	Iteration 3 of 5	Sun Oct  3 11:25:21 2021
PID 40496	Iteration 3 of 5	Sun Oct  3 11:25:21 2021
PID 40497	Iteration 3 of 5	Sun Oct  3 11:25:21 2021
PID 40498	Iteration 4 of 5	Sun Oct  3 11:25:23 2021
PID 40497	Iteration 4 of 5	Sun Oct  3 11:25:23 2021
PID 40496	Iteration 4 of 5	Sun Oct  3 11:25:23 2021
PID 40497	Iteration 5 of 5	Sun Oct  3 11:25:25 2021
PID 40496	Iteration 5 of 5	Sun Oct  3 11:25:25 2021
PID 40498	Iteration 5 of 5	Sun Oct  3 11:25:25 2021
runsim timed out on	Sun Oct  3 11:25:40 2021
PID 40778	Iteration 1 of 5	Sun Oct  3 11:29:30 2021
PID 40779	Iteration 1 of 5	Sun Oct  3 11:29:30 2021
PID 40779	Iteration 2 of 5	Sun Oct  3 11:29:32 2021
PID 40778	Iteration 2 of 5	Sun Oct  3 11:29:32 2021
runsim terminated by Ctrl+C on	Sun Oct  3 11:29:33 2021
PID 41010	Iteration 1 of 5	Sun Oct  3 11:35:06 2021
PID 41010	Iteration 2 of 5	Sun Oct  3 11:35:08 2021
PID 41010	Iteration 3 of 5	Sun Oct  3 11:35:10 2021
PID 41010	Iteration 4 of 5	Sun Oct  3 11:35:12 2021
PID 41010	Iteration 5 of 5	Sun Oct  3 11:35:14 2021
runsim timed out on	Sun Oct  3 11:35:29 2021
PID 41230	Iteration 1 of 5	Sun Oct  3 11:37:36 2021
PID 41230	Iteration 2 of 5	Sun Oct  3 11:37:38 2021
PID 41230	Iteration 3 of 5	Sun Oct  3 11:37:40 2021
PID 41230	Iteration 4 of 5	Sun Oct  3 11:37:42 2021
PID 41230	Iteration 5 of 5	Sun Oct  3 11:37:44 2021
runsim successfully executed on	Sun Oct  3 11:37:44 2021
 PID 41517	Iteration 1 of 5	Sun Oct  3 11:42:50 2021
PID 41517	Iteration 2 of 5	Sun Oct  3 11:42:52 2021
PID 41517	Iteration 3 of 5	Sun Oct  3 11:42:54 2021
PID 41517	Iteration 4 of 5	Sun Oct  3 11:42:56 2021
PID 41517	Iteration 5 of 5	Sun Oct  3 11:42:58 2021
runsim successfully executed on	Sun Oct  3 11:42:58 2021
 PID 41742	Iteration 1 of 3	Sun Oct  3 11:47:28 2021
PID 41742	Iteration 2 of 3	Sun Oct  3 11:47:30 2021
PID 41742	Iteration 3 of 3	Sun Oct  3 11:47:32 2021
runsim successfully executed on	Sun Oct  3 11:47:32 2021
 PID 41896	Iteration 1 of 3	Sun Oct  3 11:49:17 2021
PID 41897	Iteration 1 of 3	Sun Oct  3 11:49:17 2021
PID 41897	Iteration 2 of 3	Sun Oct  3 11:49:19 2021
PID 41896	Iteration 2 of 3	Sun Oct  3 11:49:19 2021
PID 41897	Iteration 3 of 3	Sun Oct  3 11:49:21 2021
PID 41896	Iteration 3 of 3	Sun Oct  3 11:49:21 2021
runsim successfully executed on	Sun Oct  3 11:49:21 2021
 PID 42061	Iteration 1 of 3	Sun Oct  3 11:50:15 2021
PID 42061	Iteration 2 of 3	Sun Oct  3 11:50:17 2021
PID 42061	Iteration 3 of 3	Sun Oct  3 11:50:19 2021
runsim successfully executed on	Sun Oct  3 11:50:19 2021
 PID 42155	Iteration 1 of 3	Sun Oct  3 11:50:56 2021
PID 42153	Iteration 1 of 3	Sun Oct  3 11:50:56 2021
PID 42154	Iteration 1 of 3	Sun Oct  3 11:50:56 2021
PID 42153	Iteration 2 of 3	Sun Oct  3 11:50:58 2021
PID 42155	Iteration 2 of 3	Sun Oct  3 11:50:58 2021
PID 42154	Iteration 2 of 3	Sun Oct  3 11:50:58 2021
PID 42155	Iteration 3 of 3	Sun Oct  3 11:51:00 2021
PID 42153	Iteration 3 of 3	Sun Oct  3 11:51:00 2021
PID 42154	Iteration 3 of 3	Sun Oct  3 11:51:00 2021
runsim successfully executed on	Sun Oct  3 11:51:00 2021
 PID 45706	Iteration 1 of 3	Sun Oct  3 14:42:37 2021
PID 45707	Iteration 1 of 3	Sun Oct  3 14:42:37 2021
PID 45708	Iteration 1 of 3	Sun Oct  3 14:42:37 2021
PID 45706	Iteration 2 of 3	Sun Oct  3 14:42:39 2021
PID 45708	Iteration 2 of 3	Sun Oct  3 14:42:39 2021
PID 45707	Iteration 2 of 3	Sun Oct  3 14:42:39 2021
PID 45707	Iteration 3 of 3	Sun Oct  3 14:42:41 2021
PID 45706	Iteration 3 of 3	Sun Oct  3 14:42:41 2021
PID 45708	Iteration 3 of 3	Sun Oct  3 14:42:41 2021
runsim successfully executed on	Sun Oct  3 14:42:41 2021
 PID 45954	Iteration 1 of 3	Sun Oct  3 14:45:46 2021
PID 45953	Iteration 1 of 3	Sun Oct  3 14:45:46 2021
PID 45953	Iteration 2 of 3	Sun Oct  3 14:45:48 2021
PID 45954	Iteration 2 of 3	Sun Oct  3 14:45:48 2021
PID 45953	Iteration 3 of 3	Sun Oct  3 14:45:50 2021
PID 45954	Iteration 3 of 3	Sun Oct  3 14:45:50 2021
runsim successfully executed on	Sun Oct  3 14:45:50 2021
 PID 46100	Iteration 1 of 3	Sun Oct  3 14:47:13 2021
PID 46104	Iteration 1 of 3	Sun Oct  3 14:47:13 2021
PID 46103	Iteration 1 of 3	Sun Oct  3 14:47:13 2021
PID 46102	Iteration 1 of 3	Sun Oct  3 14:47:13 2021
PID 46101	Iteration 1 of 3	Sun Oct  3 14:47:13 2021
PID 46100	Iteration 2 of 3	Sun Oct  3 14:47:15 2021
PID 46103	Iteration 2 of 3	Sun Oct  3 14:47:15 2021
PID 46104	Iteration 2 of 3	Sun Oct  3 14:47:15 2021
PID 46102	Iteration 2 of 3	Sun Oct  3 14:47:15 2021
PID 46101	Iteration 2 of 3	Sun Oct  3 14:47:15 2021
PID 46103	Iteration 3 of 3	Sun Oct  3 14:47:17 2021
PID 46100	Iteration 3 of 3	Sun Oct  3 14:47:17 2021
PID 46104	Iteration 3 of 3	Sun Oct  3 14:47:17 2021
PID 46102	Iteration 3 of 3	Sun Oct  3 14:47:17 2021
PID 46101	Iteration 3 of 3	Sun Oct  3 14:47:17 2021
runsim successfully executed on	Sun Oct  3 14:47:17 2021
 PID 6859	Iteration 1 of 3	Sun Oct  3 23:00:57 2021
PID 6858	Iteration 1 of 3	Sun Oct  3 23:00:57 2021
PID 6860	Iteration 1 of 3	Sun Oct  3 23:00:57 2021
PID 6859	Iteration 2 of 3	Sun Oct  3 23:00:59 2021
PID 6858	Iteration 2 of 3	Sun Oct  3 23:00:59 2021
PID 6860	Iteration 2 of 3	Sun Oct  3 23:00:59 2021
PID 6858	Iteration 3 of 3	Sun Oct  3 23:01:01 2021
PID 6859	Iteration 3 of 3	Sun Oct  3 23:01:01 2021
PID 6860	Iteration 3 of 3	Sun Oct  3 23:01:01 2021
runsim successfully executed on	Sun Oct  3 23:01:01 2021
 runsim successfully executed on	Sun Oct  3 23:21:53 2021
 PID 7647	Iteration 1 of 3	Sun Oct  3 23:25:40 2021
PID 7648	Iteration 1 of 3	Sun Oct  3 23:25:40 2021
PID 7649	Iteration 1 of 3	Sun Oct  3 23:25:40 2021
PID 7647	Iteration 2 of 3	Sun Oct  3 23:25:42 2021
PID 7649	Iteration 2 of 3	Sun Oct  3 23:25:42 2021
PID 7648	Iteration 2 of 3	Sun Oct  3 23:25:42 2021
PID 7649	Iteration 3 of 3	Sun Oct  3 23:25:44 2021
PID 7647	Iteration 3 of 3	Sun Oct  3 23:25:44 2021
PID 7648	Iteration 3 of 3	Sun Oct  3 23:25:44 2021
runsim successfully executed on	Sun Oct  3 23:25:44 2021
 PID 7777	Iteration 1 of 3	Sun Oct  3 23:26:21 2021
PID 7775	Iteration 1 of 3	Sun Oct  3 23:26:21 2021
PID 7774	Iteration 1 of 3	Sun Oct  3 23:26:21 2021
PID 7776	Iteration 1 of 3	Sun Oct  3 23:26:21 2021
PID 7777	Iteration 2 of 3	Sun Oct  3 23:26:23 2021
PID 7775	Iteration 2 of 3	Sun Oct  3 23:26:23 2021
PID 7774	Iteration 2 of 3	Sun Oct  3 23:26:23 2021
PID 7776	Iteration 2 of 3	Sun Oct  3 23:26:23 2021
PID 7775	Iteration 3 of 3	Sun Oct  3 23:26:25 2021
PID 7777	Iteration 3 of 3	Sun Oct  3 23:26:25 2021
PID 7774	Iteration 3 of 3	Sun Oct  3 23:26:25 2021
PID 7776	Iteration 3 of 3	Sun Oct  3 23:26:25 2021
runsim timed out on	Sun Oct  3 23:27:54 2021
runsim successfully executed on	Mon Oct  4 09:28:39 2021
 runsim successfully executed on	Mon Oct  4 09:34:35 2021
 runsim successfully executed on	Mon Oct  4 10:28:36 2021
 runsim successfully executed on	Mon Oct  4 10:30:31 2021
 runsim successfully executed on	Mon Oct  4 10:32:59 2021
 runsim successfully executed on	Mon Oct  4 10:35:00 2021
 runsim terminated by Ctrl+C on	Mon Oct  4 10:37:05 2021
runsim successfully executed on	Mon Oct  4 10:38:41 2021
 runsim successfully executed on	Mon Oct  4 10:40:12 2021
 runsim successfully executed on	Mon Oct  4 10:41:28 2021
 runsim successfully executed on	Mon Oct  4 10:42:15 2021
 PID 11609	Iteration 1 of 3	Mon Oct  4 10:45:53 2021
PID 11609	Iteration 2 of 3	Mon Oct  4 10:45:55 2021
PID 11609	Iteration 3 of 3	Mon Oct  4 10:45:57 2021
runsim terminated by Ctrl+C on	Mon Oct  4 10:46:53 2021
PID 11734	Iteration 1 of 3	Mon Oct  4 10:48:20 2021
PID 11735	Iteration 1 of 3	Mon Oct  4 10:48:20 2021
PID 11734	Iteration 2 of 3	Mon Oct  4 10:48:22 2021
PID 11735	Iteration 2 of 3	Mon Oct  4 10:48:22 2021
PID 11734	Iteration 3 of 3	Mon Oct  4 10:48:24 2021
PID 11735	Iteration 3 of 3	Mon Oct  4 10:48:24 2021
runsim timed out on	Mon Oct  4 10:49:53 2021
PID 11931	Iteration 1 of 3	Mon Oct  4 10:50:21 2021
PID 11929	Iteration 1 of 3	Mon Oct  4 10:50:21 2021
PID 11930	Iteration 1 of 3	Mon Oct  4 10:50:21 2021
PID 11930	Iteration 2 of 3	Mon Oct  4 10:50:23 2021
PID 11929	Iteration 2 of 3	Mon Oct  4 10:50:23 2021
PID 11931	Iteration 2 of 3	Mon Oct  4 10:50:23 2021
PID 11930	Iteration 3 of 3	Mon Oct  4 10:50:25 2021
PID 11931	Iteration 3 of 3	Mon Oct  4 10:50:25 2021
PID 11929	Iteration 3 of 3	Mon Oct  4 10:50:25 2021
runsim terminated by Ctrl+C on	Mon Oct  4 10:50:45 2021
PID 12072	Iteration 1 of 3	Mon Oct  4 10:50:58 2021
PID 12070	Iteration 1 of 3	Mon Oct  4 10:50:58 2021
PID 12071	Iteration 1 of 3	Mon Oct  4 10:50:58 2021
PID 12072	Iteration 2 of 3	Mon Oct  4 10:51:00 2021
PID 12070	Iteration 2 of 3	Mon Oct  4 10:51:00 2021
PID 12071	Iteration 2 of 3	Mon Oct  4 10:51:00 2021
PID 12072	Iteration 3 of 3	Mon Oct  4 10:51:02 2021
PID 12070	Iteration 3 of 3	Mon Oct  4 10:51:02 2021
PID 12071	Iteration 3 of 3	Mon Oct  4 10:51:02 2021
runsim successfully executed on	Mon Oct  4 10:51:02 2021
 PID 12244	Iteration 1 of 3	Mon Oct  4 10:55:33 2021
PID 12243	Iteration 1 of 3	Mon Oct  4 10:55:33 2021
PID 12244	Iteration 2 of 3	Mon Oct  4 10:55:35 2021
PID 12243	Iteration 2 of 3	Mon Oct  4 10:55:35 2021
PID 12244	Iteration 3 of 3	Mon Oct  4 10:55:37 2021
PID 12243	Iteration 3 of 3	Mon Oct  4 10:55:37 2021
runsim successfully executed on	Mon Oct  4 10:55:37 2021
 PID 12390	Iteration 1 of 3	Mon Oct  4 10:57:41 2021
PID 12389	Iteration 1 of 3	Mon Oct  4 10:57:41 2021
PID 12391	Iteration 1 of 3	Mon Oct  4 10:57:41 2021
PID 12389	Iteration 2 of 3	Mon Oct  4 10:57:43 2021
PID 12390	Iteration 2 of 3	Mon Oct  4 10:57:43 2021
PID 12391	Iteration 2 of 3	Mon Oct  4 10:57:43 2021
PID 12390	Iteration 3 of 3	Mon Oct  4 10:57:45 2021
PID 12389	Iteration 3 of 3	Mon Oct  4 10:57:45 2021
PID 12391	Iteration 3 of 3	Mon Oct  4 10:57:45 2021
runsim successfully executed on	Mon Oct  4 10:57:45 2021
 PID 13312	Iteration 1 of 3	Mon Oct  4 11:24:39 2021
PID 13312	Iteration 2 of 3	Mon Oct  4 11:24:41 2021
PID 13312	Iteration 3 of 3	Mon Oct  4 11:24:43 2021
runsim successfully executed on	Mon Oct  4 11:24:43 2021
 PID 13445	Iteration 1 of 3	Mon Oct  4 11:28:22 2021
PID 13444	Iteration 1 of 3	Mon Oct  4 11:28:22 2021
PID 13445	Iteration 2 of 3	Mon Oct  4 11:28:24 2021
PID 13444	Iteration 2 of 3	Mon Oct  4 11:28:24 2021
PID 13445	Iteration 3 of 3	Mon Oct  4 11:28:26 2021
PID 13444	Iteration 3 of 3	Mon Oct  4 11:28:26 2021
runsim successfully executed on	Mon Oct  4 11:28:26 2021
 PID 14262	Iteration 1 of 3	Mon Oct  4 12:12:41 2021
PID 14262	Iteration 2 of 3	Mon Oct  4 12:12:43 2021
PID 14262	Iteration 3 of 3	Mon Oct  4 12:12:45 2021
runsim successfully executed on	Mon Oct  4 12:12:45 2021
 PID 14358	Iteration 1 of 3	Mon Oct  4 12:13:56 2021
PID 14357	Iteration 1 of 3	Mon Oct  4 12:13:56 2021
PID 14361	Iteration 1 of 3	Mon Oct  4 12:13:56 2021
PID 14359	Iteration 1 of 3	Mon Oct  4 12:13:56 2021
PID 14360	Iteration 1 of 3	Mon Oct  4 12:13:56 2021
PID 14357	Iteration 2 of 3	Mon Oct  4 12:13:58 2021
PID 14358	Iteration 2 of 3	Mon Oct  4 12:13:58 2021
PID 14361	Iteration 2 of 3	Mon Oct  4 12:13:58 2021
PID 14359	Iteration 2 of 3	Mon Oct  4 12:13:58 2021
PID 14360	Iteration 2 of 3	Mon Oct  4 12:13:58 2021
PID 14357	Iteration 3 of 3	Mon Oct  4 12:14:00 2021
PID 14359	Iteration 3 of 3	Mon Oct  4 12:14:00 2021
PID 14360	Iteration 3 of 3	Mon Oct  4 12:14:00 2021
PID 14358	Iteration 3 of 3	Mon Oct  4 12:14:00 2021
PID 14361	Iteration 3 of 3	Mon Oct  4 12:14:00 2021
runsim successfully executed on	Mon Oct  4 12:14:00 2021
 PID 14485	Iteration 1 of 3	Mon Oct  4 12:15:46 2021
PID 14483	Iteration 1 of 3	Mon Oct  4 12:15:46 2021
PID 14482	Iteration 1 of 3	Mon Oct  4 12:15:46 2021
PID 14484	Iteration 1 of 3	Mon Oct  4 12:15:46 2021
PID 14481	Iteration 1 of 3	Mon Oct  4 12:15:46 2021
PID 14485	Iteration 2 of 3	Mon Oct  4 12:15:48 2021
PID 14482	Iteration 2 of 3	Mon Oct  4 12:15:48 2021
PID 14483	Iteration 2 of 3	Mon Oct  4 12:15:48 2021
PID 14484	Iteration 2 of 3	Mon Oct  4 12:15:48 2021
PID 14481	Iteration 2 of 3	Mon Oct  4 12:15:48 2021
PID 14485	Iteration 3 of 3	Mon Oct  4 12:15:50 2021
PID 14482	Iteration 3 of 3	Mon Oct  4 12:15:50 2021
PID 14483	Iteration 3 of 3	Mon Oct  4 12:15:50 2021
PID 14484	Iteration 3 of 3	Mon Oct  4 12:15:50 2021
PID 14481	Iteration 3 of 3	Mon Oct  4 12:15:50 2021
runsim successfully executed on	Mon Oct  4 12:15:50 2021
 PID 16366	Iteration 1 of 3	Mon Oct  4 13:41:06 2021
PID 16366	Iteration 2 of 3	Mon Oct  4 13:41:08 2021
PID 16366	Iteration 3 of 3	Mon Oct  4 13:41:10 2021
runsim successfully executed on	Mon Oct  4 13:41:10 2021
 PID 16490	Iteration 1 of 3	Mon Oct  4 13:42:45 2021
PID 16488	Iteration 1 of 3	Mon Oct  4 13:42:45 2021
PID 16485	Iteration 1 of 3	Mon Oct  4 13:42:45 2021
PID 16491	Iteration 1 of 3	Mon Oct  4 13:42:45 2021
PID 16489	Iteration 1 of 3	Mon Oct  4 13:42:45 2021
PID 16492	Iteration 1 of 3	Mon Oct  4 13:42:45 2021
PID 16486	Iteration 1 of 3	Mon Oct  4 13:42:45 2021
PID 16487	Iteration 1 of 3	Mon Oct  4 13:42:45 2021
PID 16491	Iteration 2 of 3	Mon Oct  4 13:42:47 2021
PID 16490	Iteration 2 of 3	Mon Oct  4 13:42:47 2021
PID 16488	Iteration 2 of 3	Mon Oct  4 13:42:47 2021
PID 16489	Iteration 2 of 3	Mon Oct  4 13:42:47 2021
PID 16486	Iteration 2 of 3	Mon Oct  4 13:42:47 2021
PID 16485	Iteration 2 of 3	Mon Oct  4 13:42:47 2021
PID 16492	Iteration 2 of 3	Mon Oct  4 13:42:47 2021
PID 16487	Iteration 2 of 3	Mon Oct  4 13:42:47 2021
PID 16488	Iteration 3 of 3	Mon Oct  4 13:42:49 2021
PID 16489	Iteration 3 of 3	Mon Oct  4 13:42:49 2021
PID 16491	Iteration 3 of 3	Mon Oct  4 13:42:49 2021
PID 16486	Iteration 3 of 3	Mon Oct  4 13:42:49 2021
PID 16490	Iteration 3 of 3	Mon Oct  4 13:42:49 2021
PID 16492	Iteration 3 of 3	Mon Oct  4 13:42:49 2021
PID 16487	Iteration 3 of 3	Mon Oct  4 13:42:49 2021
PID 16485	Iteration 3 of 3	Mon Oct  4 13:42:49 2021
runsim successfully executed on	Mon Oct  4 13:42:49 2021
 PID 16622	Iteration 1 of 3	Mon Oct  4 13:43:12 2021
PID 16626	Iteration 1 of 3	Mon Oct  4 13:43:12 2021
PID 16625	Iteration 1 of 3	Mon Oct  4 13:43:12 2021
PID 16624	Iteration 1 of 3	Mon Oct  4 13:43:12 2021
PID 16623	Iteration 1 of 3	Mon Oct  4 13:43:12 2021
PID 16630	Iteration 1 of 3	Mon Oct  4 13:43:12 2021
PID 16628	Iteration 1 of 3	Mon Oct  4 13:43:12 2021
PID 16627	Iteration 1 of 3	Mon Oct  4 13:43:12 2021
PID 16631	Iteration 1 of 3	Mon Oct  4 13:43:12 2021
PID 16629	Iteration 1 of 3	Mon Oct  4 13:43:12 2021
PID 16622	Iteration 2 of 3	Mon Oct  4 13:43:14 2021
PID 16625	Iteration 2 of 3	Mon Oct  4 13:43:14 2021
PID 16626	Iteration 2 of 3	Mon Oct  4 13:43:14 2021
PID 16623	Iteration 2 of 3	Mon Oct  4 13:43:14 2021
PID 16624	Iteration 2 of 3	Mon Oct  4 13:43:14 2021
PID 16630	Iteration 2 of 3	Mon Oct  4 13:43:14 2021
PID 16628	Iteration 2 of 3	Mon Oct  4 13:43:14 2021
PID 16627	Iteration 2 of 3	Mon Oct  4 13:43:14 2021
PID 16631	Iteration 2 of 3	Mon Oct  4 13:43:14 2021
PID 16629	Iteration 2 of 3	Mon Oct  4 13:43:14 2021
PID 16625	Iteration 3 of 3	Mon Oct  4 13:43:16 2021
PID 16622	Iteration 3 of 3	Mon Oct  4 13:43:16 2021
PID 16626	Iteration 3 of 3	Mon Oct  4 13:43:16 2021
PID 16623	Iteration 3 of 3	Mon Oct  4 13:43:16 2021
PID 16630	Iteration 3 of 3	Mon Oct  4 13:43:16 2021
PID 16624	Iteration 3 of 3	Mon Oct  4 13:43:16 2021
PID 16628	Iteration 3 of 3	Mon Oct  4 13:43:16 2021
PID 16627	Iteration 3 of 3	Mon Oct  4 13:43:16 2021
PID 16631	Iteration 3 of 3	Mon Oct  4 13:43:16 2021
PID 16629	Iteration 3 of 3	Mon Oct  4 13:43:16 2021
runsim successfully executed on	Mon Oct  4 13:43:16 2021
 PID 17788	Iteration 1 of 3	Mon Oct  4 14:48:56 2021
PID 17790	Iteration 1 of 3	Mon Oct  4 14:48:56 2021
PID 17789	Iteration 1 of 3	Mon Oct  4 14:48:56 2021
PID 17790	Iteration 2 of 3	Mon Oct  4 14:48:58 2021
PID 17789	Iteration 2 of 3	Mon Oct  4 14:48:58 2021
PID 17788	Iteration 2 of 3	Mon Oct  4 14:48:58 2021
PID 17789	Iteration 3 of 3	Mon Oct  4 14:49:00 2021
PID 17788	Iteration 3 of 3	Mon Oct  4 14:49:00 2021
PID 17790	Iteration 3 of 3	Mon Oct  4 14:49:00 2021
runsim successfully executed on	Mon Oct  4 14:49:00 2021
 PID 18012	Iteration 1 of 3	Mon Oct  4 14:56:52 2021
PID 18013	Iteration 1 of 3	Mon Oct  4 14:56:52 2021
PID 18014	Iteration 1 of 3	Mon Oct  4 14:56:52 2021
PID 18010	Iteration 1 of 3	Mon Oct  4 14:56:52 2021
PID 18011	Iteration 1 of 3	Mon Oct  4 14:56:52 2021
PID 18012	Iteration 2 of 3	Mon Oct  4 14:56:54 2021
PID 18013	Iteration 2 of 3	Mon Oct  4 14:56:54 2021
PID 18014	Iteration 2 of 3	Mon Oct  4 14:56:54 2021
PID 18010	Iteration 2 of 3	Mon Oct  4 14:56:54 2021
PID 18011	Iteration 2 of 3	Mon Oct  4 14:56:54 2021
PID 18012	Iteration 3 of 3	Mon Oct  4 14:56:56 2021
PID 18014	Iteration 3 of 3	Mon Oct  4 14:56:56 2021
PID 18013	Iteration 3 of 3	Mon Oct  4 14:56:56 2021
PID 18010	Iteration 3 of 3	Mon Oct  4 14:56:56 2021
PID 18011	Iteration 3 of 3	Mon Oct  4 14:56:56 2021
runsim successfully executed on	Mon Oct  4 14:56:56 2021
 PID 18105	Iteration 1 of 3	Mon Oct  4 14:57:27 2021
PID 18105	Iteration 2 of 3	Mon Oct  4 14:57:29 2021
PID 18105	Iteration 3 of 3	Mon Oct  4 14:57:31 2021
runsim successfully executed on	Mon Oct  4 14:57:31 2021
 PID 18180	Iteration 1 of 3	Mon Oct  4 14:58:44 2021
PID 18181	Iteration 1 of 3	Mon Oct  4 14:58:44 2021
PID 18180	Iteration 2 of 3	Mon Oct  4 14:58:46 2021
PID 18181	Iteration 2 of 3	Mon Oct  4 14:58:46 2021
PID 18180	Iteration 3 of 3	Mon Oct  4 14:58:48 2021
PID 18181	Iteration 3 of 3	Mon Oct  4 14:58:48 2021
runsim successfully executed on	Mon Oct  4 14:58:48 2021
 PID 18392	Iteration 1 of 3	Mon Oct  4 15:03:35 2021
PID 18391	Iteration 1 of 3	Mon Oct  4 15:03:35 2021
PID 18392	Iteration 2 of 3	Mon Oct  4 15:03:37 2021
PID 18391	Iteration 2 of 3	Mon Oct  4 15:03:37 2021
PID 18392	Iteration 3 of 3	Mon Oct  4 15:03:39 2021
PID 18391	Iteration 3 of 3	Mon Oct  4 15:03:39 2021
runsim successfully executed on	Mon Oct  4 15:03:39 2021
 PID 23672	Iteration 1 of 3	Tue Oct  5 10:14:26 2021
PID 23671	Iteration 1 of 3	Tue Oct  5 10:14:26 2021
PID 23671	Iteration 2 of 3	Tue Oct  5 10:14:28 2021
PID 23672	Iteration 2 of 3	Tue Oct  5 10:14:28 2021
PID 23672	Iteration 3 of 3	Tue Oct  5 10:14:30 2021
PID 23671	Iteration 3 of 3	Tue Oct  5 10:14:30 2021
runsim successfully executed on	Tue Oct  5 10:14:30 2021
 PID 24146	Iteration 1 of 3	Tue Oct  5 10:18:13 2021
PID 24144	Iteration 1 of 3	Tue Oct  5 10:18:13 2021
PID 24145	Iteration 1 of 3	Tue Oct  5 10:18:13 2021
PID 24144	Iteration 2 of 3	Tue Oct  5 10:18:15 2021
PID 24146	Iteration 2 of 3	Tue Oct  5 10:18:15 2021
PID 24145	Iteration 2 of 3	Tue Oct  5 10:18:15 2021
PID 24145	Iteration 3 of 3	Tue Oct  5 10:18:17 2021
PID 24144	Iteration 3 of 3	Tue Oct  5 10:18:17 2021
PID 24146	Iteration 3 of 3	Tue Oct  5 10:18:17 2021
runsim successfully executed on	Tue Oct  5 10:18:17 2021
 PID 24154	Iteration 1 of 3	Tue Oct  5 10:18:36 2021
PID 24154	Iteration 2 of 3	Tue Oct  5 10:18:38 2021
PID 24154	Iteration 3 of 3	Tue Oct  5 10:18:40 2021
runsim successfully executed on	Tue Oct  5 10:18:40 2021
 PID 24171	Iteration 1 of 3	Tue Oct  5 10:19:10 2021
PID 24172	Iteration 1 of 3	Tue Oct  5 10:19:10 2021
PID 24171	Iteration 2 of 3	Tue Oct  5 10:19:12 2021
PID 24172	Iteration 2 of 3	Tue Oct  5 10:19:12 2021
PID 24171	Iteration 3 of 3	Tue Oct  5 10:19:14 2021
PID 24172	Iteration 3 of 3	Tue Oct  5 10:19:14 2021
runsim successfully executed on	Tue Oct  5 10:19:14 2021
 PID 24182	Iteration 1 of 3	Tue Oct  5 10:19:32 2021
PID 24183	Iteration 1 of 3	Tue Oct  5 10:19:32 2021
PID 24182	Iteration 2 of 3	Tue Oct  5 10:19:34 2021
PID 24183	Iteration 2 of 3	Tue Oct  5 10:19:34 2021
PID 24183	Iteration 3 of 3	Tue Oct  5 10:19:36 2021
PID 24182	Iteration 3 of 3	Tue Oct  5 10:19:36 2021
runsim successfully executed on	Tue Oct  5 10:19:36 2021
 PID 24234	Iteration 1 of 3	Tue Oct  5 10:21:12 2021
PID 24235	Iteration 1 of 3	Tue Oct  5 10:21:12 2021
PID 24234	Iteration 2 of 3	Tue Oct  5 10:21:14 2021
PID 24235	Iteration 2 of 3	Tue Oct  5 10:21:14 2021
PID 24235	Iteration 3 of 3	Tue Oct  5 10:21:16 2021
PID 24234	Iteration 3 of 3	Tue Oct  5 10:21:16 2021
runsim successfully executed on	Tue Oct  5 10:21:16 2021
 PID 24592	Iteration 1 of 3	Tue Oct  5 10:31:43 2021
PID 24591	Iteration 1 of 3	Tue Oct  5 10:31:43 2021
PID 24591	Iteration 2 of 3	Tue Oct  5 10:31:45 2021
PID 24592	Iteration 2 of 3	Tue Oct  5 10:31:45 2021
PID 24592	Iteration 3 of 3	Tue Oct  5 10:31:47 2021
PID 24591	Iteration 3 of 3	Tue Oct  5 10:31:47 2021
runsim successfully executed on	Tue Oct  5 10:31:47 2021
 PID 25355	Iteration 1 of 3	Tue Oct  5 11:00:38 2021
PID 25355	Iteration 2 of 3	Tue Oct  5 11:00:40 2021
PID 25355	Iteration 3 of 3	Tue Oct  5 11:00:42 2021
runsim successfully executed on	Tue Oct  5 11:00:42 2021
 PID 25536	Iteration 1 of 3	Tue Oct  5 11:01:26 2021
PID 25536	Iteration 2 of 3	Tue Oct  5 11:01:28 2021
PID 25536	Iteration 3 of 3	Tue Oct  5 11:01:30 2021
runsim successfully executed on	Tue Oct  5 11:01:30 2021
 PID 25641	Iteration 1 of 3	Tue Oct  5 11:01:57 2021
PID 25641	Iteration 2 of 3	Tue Oct  5 11:01:59 2021
PID 25641	Iteration 3 of 3	Tue Oct  5 11:02:01 2021
runsim successfully executed on	Tue Oct  5 11:02:01 2021
 PID 26355	Iteration 1 of 3	Tue Oct  5 11:22:11 2021
PID 26355	Iteration 2 of 3	Tue Oct  5 11:22:13 2021
PID 26355	Iteration 3 of 3	Tue Oct  5 11:22:15 2021
runsim successfully executed on	Tue Oct  5 11:22:15 2021
 PID 26887	Iteration 1 of 3	Tue Oct  5 11:30:46 2021
PID 26887	Iteration 2 of 3	Tue Oct  5 11:30:48 2021
PID 26887	Iteration 3 of 3	Tue Oct  5 11:30:50 2021
runsim successfully executed on	Tue Oct  5 11:30:50 2021
 runsim successfully executed on	Tue Oct  5 12:16:37 2021
 runsim successfully executed on	Tue Oct  5 12:24:43 2021
 PID 28713	Iteration 1 of 3	Tue Oct  5 12:29:28 2021
PID 28713	Iteration 2 of 3	Tue Oct  5 12:29:30 2021
PID 28713	Iteration 3 of 3	Tue Oct  5 12:29:32 2021
PID 28911	Iteration 1 of 3	Tue Oct  5 12:32:04 2021
PID 28911	Iteration 2 of 3	Tue Oct  5 12:32:06 2021
PID 28911	Iteration 3 of 3	Tue Oct  5 12:32:08 2021
runsim successfully executed on	Tue Oct  5 12:47:44 2021
 runsim successfully executed on	Tue Oct  5 12:52:43 2021
 runsim successfully executed on	Tue Oct  5 12:55:13 2021
 runsim successfully executed on	Tue Oct  5 13:16:51 2021
 runsim successfully executed on	Tue Oct  5 13:22:11 2021
 runsim successfully executed on	Tue Oct  5 13:26:50 2021
 runsim successfully executed on	Tue Oct  5 13:29:08 2021
 runsim successfully executed on	Tue Oct  5 13:32:38 2021
 PID 31381	Iteration 1 of 2	Tue Oct  5 13:39:20 2021
PID 31381	Iteration 2 of 2	Tue Oct  5 13:39:21 2021
PID 31609	Iteration 1 of 2	Tue Oct  5 13:44:32 2021
PID 31609	Iteration 2 of 2	Tue Oct  5 13:44:33 2021
PID 31775	Iteration 1 of 2	Tue Oct  5 13:47:12 2021
PID 31776	Iteration 1 of 2	Tue Oct  5 13:47:12 2021
PID 31775	Iteration 2 of 2	Tue Oct  5 13:47:13 2021
PID 31776	Iteration 2 of 2	Tue Oct  5 13:47:13 2021
runsim successfully executed on	Tue Oct  5 13:47:13 2021
 PID 31925	Iteration 1 of 2	Tue Oct  5 13:51:44 2021
PID 31926	Iteration 1 of 2	Tue Oct  5 13:51:44 2021
PID 31925	Iteration 2 of 2	Tue Oct  5 13:51:45 2021
PID 31926	Iteration 2 of 2	Tue Oct  5 13:51:45 2021
runsim successfully executed on	Tue Oct  5 13:51:45 2021
 PID 31997	Iteration 1 of 2	Tue Oct  5 13:52:06 2021
PID 31998	Iteration 1 of 2	Tue Oct  5 13:52:06 2021
PID 31998	Iteration 2 of 2	Tue Oct  5 13:52:07 2021
PID 31997	Iteration 2 of 2	Tue Oct  5 13:52:07 2021
runsim successfully executed on	Tue Oct  5 13:52:07 2021
 PID 32103	Iteration 1 of 2	Tue Oct  5 13:53:44 2021
PID 32104	Iteration 1 of 2	Tue Oct  5 13:53:44 2021
PID 32103	Iteration 2 of 2	Tue Oct  5 13:53:45 2021
PID 32104	Iteration 2 of 2	Tue Oct  5 13:53:45 2021
runsim successfully executed on	Tue Oct  5 13:53:45 2021
 PID 32197	Iteration 1 of 2	Tue Oct  5 13:54:43 2021
PID 32198	Iteration 1 of 2	Tue Oct  5 13:54:43 2021
PID 32196	Iteration 1 of 2	Tue Oct  5 13:54:43 2021
PID 32198	Iteration 2 of 2	Tue Oct  5 13:54:44 2021
PID 32197	Iteration 2 of 2	Tue Oct  5 13:54:44 2021
PID 32196	Iteration 2 of 2	Tue Oct  5 13:54:44 2021
runsim successfully executed on	Tue Oct  5 13:54:44 2021
 PID 32273	Iteration 1 of 2	Tue Oct  5 13:56:36 2021
PID 32275	Iteration 1 of 2	Tue Oct  5 13:56:36 2021
PID 32274	Iteration 1 of 2	Tue Oct  5 13:56:36 2021
runsim terminated by Ctrl+C on	Tue Oct  5 13:57:51 2021
PID 32791	Iteration 1 of 2	Tue Oct  5 14:06:27 2021
PID 32790	Iteration 1 of 2	Tue Oct  5 14:06:27 2021
PID 32791	Iteration 2 of 2	Tue Oct  5 14:06:28 2021
PID 32790	Iteration 2 of 2	Tue Oct  5 14:06:28 2021
PID 32794	Iteration 1 of 2	Tue Oct  5 14:06:29 2021
PID 32792	Iteration 1 of 2	Tue Oct  5 14:06:29 2021
PID 32789	Iteration 1 of 2	Tue Oct  5 14:06:29 2021
PID 32793	Iteration 1 of 2	Tue Oct  5 14:06:29 2021
PID 32794	Iteration 2 of 2	Tue Oct  5 14:06:30 2021
PID 32792	Iteration 2 of 2	Tue Oct  5 14:06:30 2021
PID 32789	Iteration 2 of 2	Tue Oct  5 14:06:30 2021
PID 32793	Iteration 2 of 2	Tue Oct  5 14:06:30 2021
runsim successfully executed on	Tue Oct  5 14:06:30 2021
 PID 33097	Iteration 1 of 2	Tue Oct  5 14:14:36 2021
PID 33097	Iteration 2 of 2	Tue Oct  5 14:14:37 2021
PID 33099	Iteration 1 of 2	Tue Oct  5 14:14:38 2021
PID 33101	Iteration 1 of 2	Tue Oct  5 14:14:38 2021
PID 33100	Iteration 1 of 2	Tue Oct  5 14:14:38 2021
PID 33099	Iteration 2 of 2	Tue Oct  5 14:14:39 2021
PID 33101	Iteration 2 of 2	Tue Oct  5 14:14:39 2021
PID 33100	Iteration 2 of 2	Tue Oct  5 14:14:39 2021
PID 33098	Iteration 1 of 2	Tue Oct  5 14:14:40 2021
PID 33096	Iteration 1 of 2	Tue Oct  5 14:14:40 2021
PID 33098	Iteration 2 of 2	Tue Oct  5 14:14:41 2021
runsim successfully executed on	Tue Oct  5 14:14:41 2021
 PID 33096	Iteration 2 of 2	Tue Oct  5 14:14:41 2021
PID 33288	Iteration 1 of 2	Tue Oct  5 14:16:19 2021
PID 33286	Iteration 1 of 2	Tue Oct  5 14:16:19 2021
PID 33291	Iteration 1 of 2	Tue Oct  5 14:16:19 2021
PID 33287	Iteration 1 of 2	Tue Oct  5 14:16:19 2021
PID 33288	Iteration 2 of 2	Tue Oct  5 14:16:20 2021
PID 33286	Iteration 2 of 2	Tue Oct  5 14:16:20 2021
PID 33291	Iteration 2 of 2	Tue Oct  5 14:16:20 2021
PID 33287	Iteration 2 of 2	Tue Oct  5 14:16:20 2021
PID 33290	Iteration 1 of 2	Tue Oct  5 14:16:21 2021
PID 33289	Iteration 1 of 2	Tue Oct  5 14:16:21 2021
PID 33290	Iteration 2 of 2	Tue Oct  5 14:16:22 2021
PID 33289	Iteration 2 of 2	Tue Oct  5 14:16:22 2021
runsim successfully executed on	Tue Oct  5 14:16:22 2021
 PID 33586	Iteration 1 of 2	Tue Oct  5 14:25:30 2021
PID 33583	Iteration 1 of 2	Tue Oct  5 14:25:31 2021
PID 33586	Iteration 2 of 2	Tue Oct  5 14:25:31 2021
PID 33583	Iteration 2 of 2	Tue Oct  5 14:25:32 2021
PID 4289	Iteration 1 of 2	Tue Oct  5 15:11:58 2021
PID 4288	Iteration 1 of 2	Tue Oct  5 15:11:58 2021
PID 4288	Iteration 2 of 2	Tue Oct  5 15:11:59 2021
PID 4289	Iteration 2 of 2	Tue Oct  5 15:11:59 2021
runsim successfully executed on	Tue Oct  5 15:11:59 2021
 runsim terminated by Ctrl+C on	Tue Oct  5 15:17:18 2021
PID 4593	Iteration 1 of 2	Tue Oct  5 15:19:21 2021
PID 4594	Iteration 1 of 2	Tue Oct  5 15:19:21 2021
PID 4593	Iteration 2 of 2	Tue Oct  5 15:19:22 2021
PID 4594	Iteration 2 of 2	Tue Oct  5 15:19:22 2021
PID 4595	Iteration 1 of 2	Tue Oct  5 15:19:23 2021
PID 4595	Iteration 2 of 2	Tue Oct  5 15:19:24 2021
runsim successfully executed on	Tue Oct  5 15:19:24 2021
 PID 4794	Iteration 1 of 2	Tue Oct  5 15:24:33 2021
PID 4793	Iteration 1 of 2	Tue Oct  5 15:24:33 2021
PID 4794	Iteration 2 of 2	Tue Oct  5 15:24:34 2021
PID 4793	Iteration 2 of 2	Tue Oct  5 15:24:34 2021
runsim timed out on	Tue Oct  5 15:24:47 2021
PID 5003	Iteration 1 of 2	Tue Oct  5 15:26:57 2021
PID 5002	Iteration 1 of 2	Tue Oct  5 15:26:57 2021
PID 5001	Iteration 1 of 2	Tue Oct  5 15:26:57 2021
PID 5005	Iteration 1 of 2	Tue Oct  5 15:26:57 2021
PID 5001	Iteration 2 of 2	Tue Oct  5 15:26:58 2021
PID 5002	Iteration 2 of 2	Tue Oct  5 15:26:58 2021
PID 5003	Iteration 2 of 2	Tue Oct  5 15:26:58 2021
PID 5005	Iteration 2 of 2	Tue Oct  5 15:26:58 2021
PID 5004	Iteration 1 of 2	Tue Oct  5 15:26:59 2021
PID 5004	Iteration 2 of 2	Tue Oct  5 15:27:00 2021
runsim successfully executed on	Tue Oct  5 15:27:00 2021
 PID 5196	Iteration 1 of 2	Tue Oct  5 15:30:34 2021
PID 5193	Iteration 1 of 2	Tue Oct  5 15:30:34 2021
PID 5194	Iteration 1 of 2	Tue Oct  5 15:30:34 2021
PID 5197	Iteration 1 of 2	Tue Oct  5 15:30:34 2021
PID 5195	Iteration 1 of 2	Tue Oct  5 15:30:34 2021
PID 5194	Iteration 2 of 2	Tue Oct  5 15:30:35 2021
PID 5197	Iteration 2 of 2	Tue Oct  5 15:30:35 2021
PID 5196	Iteration 2 of 2	Tue Oct  5 15:30:35 2021
PID 5193	Iteration 2 of 2	Tue Oct  5 15:30:35 2021
PID 5195	Iteration 2 of 2	Tue Oct  5 15:30:35 2021
runsim successfully executed on	Tue Oct  5 15:30:35 2021
 PID 5403	Iteration 1 of 2	Tue Oct  5 15:34:24 2021
PID 5405	Iteration 1 of 2	Tue Oct  5 15:34:24 2021
PID 5406	Iteration 1 of 2	Tue Oct  5 15:34:24 2021
PID 5402	Iteration 1 of 2	Tue Oct  5 15:34:24 2021
PID 5404	Iteration 1 of 2	Tue Oct  5 15:34:24 2021
PID 5403	Iteration 2 of 2	Tue Oct  5 15:34:25 2021
PID 5405	Iteration 2 of 2	Tue Oct  5 15:34:25 2021
PID 5406	Iteration 2 of 2	Tue Oct  5 15:34:25 2021
PID 5404	Iteration 2 of 2	Tue Oct  5 15:34:25 2021
PID 5402	Iteration 2 of 2	Tue Oct  5 15:34:25 2021
runsim successfully executed on	Tue Oct  5 15:34:25 2021
 PID 5494	Iteration 1 of 2	Tue Oct  5 15:34:47 2021
PID 5493	Iteration 1 of 2	Tue Oct  5 15:34:47 2021
PID 5495	Iteration 1 of 2	Tue Oct  5 15:34:47 2021
PID 5494	Iteration 2 of 2	Tue Oct  5 15:34:48 2021
PID 5493	Iteration 2 of 2	Tue Oct  5 15:34:48 2021
PID 5495	Iteration 2 of 2	Tue Oct  5 15:34:48 2021
PID 5497	Iteration 1 of 2	Tue Oct  5 15:34:49 2021
PID 5496	Iteration 1 of 2	Tue Oct  5 15:34:49 2021
PID 5496	Iteration 2 of 2	Tue Oct  5 15:34:50 2021
PID 5497	Iteration 2 of 2	Tue Oct  5 15:34:50 2021
runsim successfully executed on	Tue Oct  5 15:34:50 2021
 PID 5561	Iteration 1 of 2	Tue Oct  5 15:35:07 2021
PID 5562	Iteration 1 of 2	Tue Oct  5 15:35:07 2021
PID 5560	Iteration 1 of 2	Tue Oct  5 15:35:07 2021
PID 5559	Iteration 1 of 2	Tue Oct  5 15:35:07 2021
PID 5563	Iteration 1 of 2	Tue Oct  5 15:35:07 2021
PID 5561	Iteration 2 of 2	Tue Oct  5 15:35:08 2021
PID 5562	Iteration 2 of 2	Tue Oct  5 15:35:08 2021
PID 5560	Iteration 2 of 2	Tue Oct  5 15:35:08 2021
PID 5559	Iteration 2 of 2	Tue Oct  5 15:35:08 2021
PID 5563	Iteration 2 of 2	Tue Oct  5 15:35:08 2021
runsim successfully executed on	Tue Oct  5 15:35:08 2021
 PID 6270	Iteration 1 of 2	Tue Oct  5 16:09:42 2021
PID 6266	Iteration 1 of 2	Tue Oct  5 16:09:42 2021
PID 6268	Iteration 1 of 2	Tue Oct  5 16:09:42 2021
PID 6267	Iteration 1 of 2	Tue Oct  5 16:09:42 2021
PID 6270	Iteration 2 of 2	Tue Oct  5 16:09:43 2021
PID 6266	Iteration 2 of 2	Tue Oct  5 16:09:43 2021
PID 6267	Iteration 2 of 2	Tue Oct  5 16:09:43 2021
PID 6268	Iteration 2 of 2	Tue Oct  5 16:09:43 2021
PID 6269	Iteration 1 of 2	Tue Oct  5 16:09:44 2021
PID 6269	Iteration 2 of 2	Tue Oct  5 16:09:45 2021
runsim successfully executed on	Tue Oct  5 16:09:45 2021
 PID 6561	Iteration 1 of 2	Tue Oct  5 16:13:40 2021
PID 6557	Iteration 1 of 2	Tue Oct  5 16:13:40 2021
PID 6560	Iteration 1 of 2	Tue Oct  5 16:13:40 2021
PID 6558	Iteration 1 of 2	Tue Oct  5 16:13:40 2021
PID 6559	Iteration 1 of 2	Tue Oct  5 16:13:40 2021
PID 6561	Iteration 2 of 2	Tue Oct  5 16:13:41 2021
PID 6557	Iteration 2 of 2	Tue Oct  5 16:13:41 2021
PID 6560	Iteration 2 of 2	Tue Oct  5 16:13:41 2021
PID 6558	Iteration 2 of 2	Tue Oct  5 16:13:41 2021
PID 6559	Iteration 2 of 2	Tue Oct  5 16:13:41 2021
runsim successfully executed on	Tue Oct  5 16:13:41 2021
 runsim successfully executed on	Tue Oct  5 16:17:02 2021
 runsim successfully executed on	Tue Oct  5 16:18:28 2021
 PID 6932	Iteration 1 of 21	Tue Oct  5 16:20:49 2021
PID 6934	Iteration 1 of 22	Tue Oct  5 16:20:50 2021
PID 6933	Iteration 1 of 22	Tue Oct  5 16:20:50 2021
PID 6932	Iteration 2 of 21	Tue Oct  5 16:20:50 2021
PID 6932	Iteration 3 of 21	Tue Oct  5 16:20:51 2021
PID 6934	Iteration 2 of 22	Tue Oct  5 16:20:52 2021
PID 6933	Iteration 2 of 22	Tue Oct  5 16:20:52 2021
PID 6935	Iteration 1 of 54	Tue Oct  5 16:20:52 2021
PID 6932	Iteration 4 of 21	Tue Oct  5 16:20:52 2021
PID 6936	Iteration 1 of 65	Tue Oct  5 16:20:53 2021
PID 6932	Iteration 5 of 21	Tue Oct  5 16:20:53 2021
PID 6934	Iteration 3 of 22	Tue Oct  5 16:20:54 2021
PID 6933	Iteration 3 of 22	Tue Oct  5 16:20:54 2021
PID 6932	Iteration 6 of 21	Tue Oct  5 16:20:54 2021
PID 6932	Iteration 7 of 21	Tue Oct  5 16:20:55 2021
PID 6934	Iteration 4 of 22	Tue Oct  5 16:20:56 2021
PID 6935	Iteration 2 of 54	Tue Oct  5 16:20:56 2021
PID 6933	Iteration 4 of 22	Tue Oct  5 16:20:56 2021
PID 6932	Iteration 8 of 21	Tue Oct  5 16:20:56 2021
PID 6937	Iteration 1 of 69	Tue Oct  5 16:20:57 2021
PID 6932	Iteration 9 of 21	Tue Oct  5 16:20:57 2021
PID 6936	Iteration 2 of 65	Tue Oct  5 16:20:58 2021
PID 6934	Iteration 5 of 22	Tue Oct  5 16:20:58 2021
PID 6933	Iteration 5 of 22	Tue Oct  5 16:20:58 2021
PID 6932	Iteration 10 of 21	Tue Oct  5 16:20:58 2021
PID 6932	Iteration 11 of 21	Tue Oct  5 16:20:59 2021
PID 6934	Iteration 6 of 22	Tue Oct  5 16:21:00 2021
PID 6935	Iteration 3 of 54	Tue Oct  5 16:21:00 2021
PID 6933	Iteration 6 of 22	Tue Oct  5 16:21:00 2021
PID 6932	Iteration 12 of 21	Tue Oct  5 16:21:00 2021
PID 6932	Iteration 13 of 21	Tue Oct  5 16:21:01 2021
PID 6934	Iteration 7 of 22	Tue Oct  5 16:21:02 2021
PID 6933	Iteration 7 of 22	Tue Oct  5 16:21:02 2021
PID 6932	Iteration 14 of 21	Tue Oct  5 16:21:02 2021
PID 6936	Iteration 3 of 65	Tue Oct  5 16:21:03 2021
PID 6932	Iteration 15 of 21	Tue Oct  5 16:21:03 2021
PID 6935	Iteration 4 of 54	Tue Oct  5 16:21:04 2021
PID 6934	Iteration 8 of 22	Tue Oct  5 16:21:04 2021
PID 6933	Iteration 8 of 22	Tue Oct  5 16:21:04 2021
PID 6932	Iteration 16 of 21	Tue Oct  5 16:21:04 2021
PID 6932	Iteration 17 of 21	Tue Oct  5 16:21:05 2021
PID 6937	Iteration 2 of 69	Tue Oct  5 16:21:06 2021
PID 6934	Iteration 9 of 22	Tue Oct  5 16:21:06 2021
PID 6933	Iteration 9 of 22	Tue Oct  5 16:21:06 2021
PID 6932	Iteration 18 of 21	Tue Oct  5 16:21:06 2021
PID 6932	Iteration 19 of 21	Tue Oct  5 16:21:07 2021
PID 6936	Iteration 4 of 65	Tue Oct  5 16:21:08 2021
PID 6935	Iteration 5 of 54	Tue Oct  5 16:21:08 2021
PID 6934	Iteration 10 of 22	Tue Oct  5 16:21:08 2021
PID 6933	Iteration 10 of 22	Tue Oct  5 16:21:08 2021
PID 6932	Iteration 20 of 21	Tue Oct  5 16:21:08 2021
PID 6932	Iteration 21 of 21	Tue Oct  5 16:21:09 2021
PID 6933	Iteration 11 of 22	Tue Oct  5 16:21:10 2021
PID 6934	Iteration 11 of 22	Tue Oct  5 16:21:10 2021
PID 6935	Iteration 6 of 54	Tue Oct  5 16:21:12 2021
PID 6933	Iteration 12 of 22	Tue Oct  5 16:21:12 2021
PID 6934	Iteration 12 of 22	Tue Oct  5 16:21:12 2021
PID 6936	Iteration 5 of 65	Tue Oct  5 16:21:13 2021
PID 6933	Iteration 13 of 22	Tue Oct  5 16:21:14 2021
PID 6934	Iteration 13 of 22	Tue Oct  5 16:21:14 2021
PID 6937	Iteration 3 of 69	Tue Oct  5 16:21:15 2021
PID 6935	Iteration 7 of 54	Tue Oct  5 16:21:16 2021
PID 6934	Iteration 14 of 22	Tue Oct  5 16:21:16 2021
PID 6933	Iteration 14 of 22	Tue Oct  5 16:21:16 2021
PID 6936	Iteration 6 of 65	Tue Oct  5 16:21:18 2021
PID 6934	Iteration 15 of 22	Tue Oct  5 16:21:18 2021
PID 6933	Iteration 15 of 22	Tue Oct  5 16:21:18 2021
PID 6935	Iteration 8 of 54	Tue Oct  5 16:21:20 2021
PID 6934	Iteration 16 of 22	Tue Oct  5 16:21:20 2021
PID 6933	Iteration 16 of 22	Tue Oct  5 16:21:20 2021
PID 6934	Iteration 17 of 22	Tue Oct  5 16:21:22 2021
PID 6933	Iteration 17 of 22	Tue Oct  5 16:21:22 2021
PID 6936	Iteration 7 of 65	Tue Oct  5 16:21:23 2021
PID 6937	Iteration 4 of 69	Tue Oct  5 16:21:24 2021
PID 6935	Iteration 9 of 54	Tue Oct  5 16:21:24 2021
PID 6934	Iteration 18 of 22	Tue Oct  5 16:21:24 2021
PID 6933	Iteration 18 of 22	Tue Oct  5 16:21:24 2021
PID 6934	Iteration 19 of 22	Tue Oct  5 16:21:26 2021
PID 6933	Iteration 19 of 22	Tue Oct  5 16:21:26 2021
PID 6936	Iteration 8 of 65	Tue Oct  5 16:21:28 2021
PID 6935	Iteration 10 of 54	Tue Oct  5 16:21:28 2021
PID 6934	Iteration 20 of 22	Tue Oct  5 16:21:28 2021
PID 6933	Iteration 20 of 22	Tue Oct  5 16:21:28 2021
PID 6934	Iteration 21 of 22	Tue Oct  5 16:21:30 2021
PID 6933	Iteration 21 of 22	Tue Oct  5 16:21:30 2021
PID 6935	Iteration 11 of 54	Tue Oct  5 16:21:32 2021
PID 6934	Iteration 22 of 22	Tue Oct  5 16:21:32 2021
PID 6933	Iteration 22 of 22	Tue Oct  5 16:21:32 2021
PID 6937	Iteration 5 of 69	Tue Oct  5 16:21:33 2021
PID 6936	Iteration 9 of 65	Tue Oct  5 16:21:33 2021
PID 6935	Iteration 12 of 54	Tue Oct  5 16:21:36 2021
PID 6936	Iteration 10 of 65	Tue Oct  5 16:21:38 2021
PID 6935	Iteration 13 of 54	Tue Oct  5 16:21:40 2021
PID 6937	Iteration 6 of 69	Tue Oct  5 16:21:42 2021
PID 6936	Iteration 11 of 65	Tue Oct  5 16:21:43 2021
PID 6935	Iteration 14 of 54	Tue Oct  5 16:21:44 2021
PID 6936	Iteration 12 of 65	Tue Oct  5 16:21:48 2021
PID 6935	Iteration 15 of 54	Tue Oct  5 16:21:48 2021
PID 6937	Iteration 7 of 69	Tue Oct  5 16:21:51 2021
PID 6935	Iteration 16 of 54	Tue Oct  5 16:21:52 2021
PID 6936	Iteration 13 of 65	Tue Oct  5 16:21:53 2021
PID 6935	Iteration 17 of 54	Tue Oct  5 16:21:56 2021
PID 6936	Iteration 14 of 65	Tue Oct  5 16:21:58 2021
PID 6937	Iteration 8 of 69	Tue Oct  5 16:22:00 2021
PID 6935	Iteration 18 of 54	Tue Oct  5 16:22:00 2021
PID 6936	Iteration 15 of 65	Tue Oct  5 16:22:03 2021
PID 6935	Iteration 19 of 54	Tue Oct  5 16:22:04 2021
PID 6936	Iteration 16 of 65	Tue Oct  5 16:22:08 2021
PID 6935	Iteration 20 of 54	Tue Oct  5 16:22:08 2021
PID 6937	Iteration 9 of 69	Tue Oct  5 16:22:09 2021
PID 6935	Iteration 21 of 54	Tue Oct  5 16:22:12 2021
PID 6936	Iteration 17 of 65	Tue Oct  5 16:22:13 2021
PID 6935	Iteration 22 of 54	Tue Oct  5 16:22:16 2021
PID 6937	Iteration 10 of 69	Tue Oct  5 16:22:18 2021
PID 6936	Iteration 18 of 65	Tue Oct  5 16:22:18 2021
PID 6935	Iteration 23 of 54	Tue Oct  5 16:22:20 2021
runsim timed out on	Tue Oct  5 16:22:23 2021
PID 7572	Iteration 1 of 32	Tue Oct  5 16:24:59 2021
PID 7572	Iteration 2 of 32	Tue Oct  5 16:25:01 2021
PID 7572	Iteration 3 of 32	Tue Oct  5 16:25:03 2021
PID 7572	Iteration 4 of 32	Tue Oct  5 16:25:05 2021
PID 7572	Iteration 5 of 32	Tue Oct  5 16:25:07 2021
PID 7572	Iteration 6 of 32	Tue Oct  5 16:25:09 2021
PID 7572	Iteration 7 of 32	Tue Oct  5 16:25:11 2021
PID 7572	Iteration 8 of 32	Tue Oct  5 16:25:13 2021
PID 7572	Iteration 9 of 32	Tue Oct  5 16:25:15 2021
PID 7572	Iteration 10 of 32	Tue Oct  5 16:25:17 2021
PID 7572	Iteration 11 of 32	Tue Oct  5 16:25:19 2021
PID 7572	Iteration 12 of 32	Tue Oct  5 16:25:21 2021
PID 7572	Iteration 13 of 32	Tue Oct  5 16:25:23 2021
runsim terminated by Ctrl+C on	Tue Oct  5 16:25:25 2021
runsim successfully executed on	Tue Oct  5 16:28:43 2021
 runsim successfully executed on	Tue Oct  5 16:35:15 2021
 runsim successfully executed on	Tue Oct  5 16:36:29 2021
 runsim successfully executed on	Tue Oct  5 16:37:14 2021
 runsim successfully executed on	Tue Oct  5 16:57:45 2021
 PID 8617	Iteration 1 of 2	Tue Oct  5 16:58:08 2021
PID 8617	Iteration 2 of 2	Tue Oct  5 16:58:09 2021
PID 8618	Iteration 1 of 3	Tue Oct  5 16:58:11 2021
PID 8618	Iteration 2 of 3	Tue Oct  5 16:58:13 2021
PID 8618	Iteration 3 of 3	Tue Oct  5 16:58:15 2021
runsim successfully executed on	Tue Oct  5 16:58:15 2021
 PID 8746	Iteration 1 of 2	Tue Oct  5 16:59:41 2021
PID 8749	Iteration 1 of 5	Tue Oct  5 16:59:41 2021
PID 8748	Iteration 1 of 4	Tue Oct  5 16:59:41 2021
PID 8746	Iteration 2 of 2	Tue Oct  5 16:59:42 2021
PID 8749	Iteration 2 of 5	Tue Oct  5 16:59:42 2021
PID 8747	Iteration 1 of 3	Tue Oct  5 16:59:42 2021
PID 8748	Iteration 2 of 4	Tue Oct  5 16:59:42 2021
PID 8749	Iteration 3 of 5	Tue Oct  5 16:59:43 2021
PID 8748	Iteration 3 of 4	Tue Oct  5 16:59:43 2021
PID 8749	Iteration 4 of 5	Tue Oct  5 16:59:44 2021
PID 8747	Iteration 2 of 3	Tue Oct  5 16:59:44 2021
PID 8748	Iteration 4 of 4	Tue Oct  5 16:59:44 2021
PID 8749	Iteration 5 of 5	Tue Oct  5 16:59:45 2021
PID 8747	Iteration 3 of 3	Tue Oct  5 16:59:46 2021
runsim successfully executed on	Tue Oct  5 16:59:46 2021
 